<?xml version="1.0" encoding="UTF-8"?>
<!-- Generated by org.testng.reporters.JUnitXMLReporter -->
<testsuite ignored="1" hostname="DESKTOP-EKJ5BNI" failures="0" tests="1" name="Test" time="11.275" errors="0" timestamp="25 ago. 2023 22:53:53 GMT">
  <testcase classname="Edu_it_2.Laboratorio3_Ejercicio1" name="registrarUsuario" time="4.441"/>
  <testcase classname="Edu_it_2.Laboratorio3_Ejercicio1" name="pruebaTest" time="0.0">
    <ignored/>
  </testcase> <!-- pruebaTest -->
</testsuite> <!-- Test -->
