<?xml version="1.0" encoding="UTF-8"?>
<testng-results ignored="0" total="1" passed="1" failed="0" skipped="0">
  <reporter-output>
  </reporter-output>
  <suite started-at="2023-09-09T13:54:16Z" name="Default suite" finished-at="2023-09-09T13:54:18Z" duration-ms="1731">
    <groups>
    </groups>
    <test started-at="2023-09-09T13:54:16Z" name="Default test" finished-at="2023-09-09T13:54:18Z" duration-ms="1731">
      <class name="pruebas.Laboratorio6_E2">
        <test-method is-config="true" signature="setUp()[pri:0, instance:pruebas.Laboratorio6_E2@15043a2f]" started-at="2023-09-09T10:54:05Z" name="setUp" finished-at="2023-09-09T10:54:16Z" duration-ms="11081" status="PASS">
          <reporter-output>
          </reporter-output>
        </test-method> <!-- setUp -->
        <test-method signature="verNavegador_incognito()[pri:0, instance:pruebas.Laboratorio6_E2@15043a2f]" started-at="2023-09-09T10:54:16Z" name="verNavegador_incognito" finished-at="2023-09-09T10:54:18Z" duration-ms="1694" status="PASS">
          <reporter-output>
          </reporter-output>
        </test-method> <!-- verNavegador_incognito -->
        <test-method is-config="true" signature="cerrar()[pri:0, instance:pruebas.Laboratorio6_E2@15043a2f]" started-at="2023-09-09T10:54:18Z" name="cerrar" finished-at="2023-09-09T10:54:18Z" duration-ms="372" status="PASS">
          <reporter-output>
          </reporter-output>
        </test-method> <!-- cerrar -->
      </class> <!-- pruebas.Laboratorio6_E2 -->
    </test> <!-- Default test -->
  </suite> <!-- Default suite -->
</testng-results>
